WordPress/manifest-merger-vanilla-release-report.txt
-- Merging decision tree log ---
manifest
ADDED from AndroidManifest.xml:2:1
	package
		ADDED from AndroidManifest.xml:4:5
		INJECTED from AndroidManifest.xml:0:0
		INJECTED from AndroidManifest.xml:0:0
	android:versionName
		INJECTED from AndroidManifest.xml:0:0
		ADDED from AndroidManifest.xml:2:1
		INJECTED from AndroidManifest.xml:0:0
	xmlns:tools
		ADDED from AndroidManifest.xml:3:5
	xmlns:android
		ADDED from AndroidManifest.xml:2:11
	android:versionCode
		INJECTED from AndroidManifest.xml:0:0
		ADDED from AndroidManifest.xml:2:1
		INJECTED from AndroidManifest.xml:0:0
	android:installLocation
		ADDED from AndroidManifest.xml:5:5
supports-screens
ADDED from AndroidManifest.xml:7:5
	android:largeScreens
		ADDED from AndroidManifest.xml:9:9
	android:smallScreens
		ADDED from AndroidManifest.xml:11:9
	android:normalScreens
		ADDED from AndroidManifest.xml:10:9
	android:anyDensity
		ADDED from AndroidManifest.xml:8:9
uses-permission#android.permission.INTERNET
ADDED from AndroidManifest.xml:13:5
MERGED from com.crashlytics.sdk.android:crashlytics:2.2.2:9:5
MERGED from com.helpshift:android-aar:3.8.0:11:5
MERGED from com.automattic:rest:1.0.1:11:5
MERGED from com.simperium.android:simperium:0.6.4:11:5
MERGED from com.daimajia.slider:library:1.1.5:11:5
MERGED from com.automattic:rest:1.0.1:11:5
MERGED from com.mixpanel.android:mixpanel-android:4.3.0:17:5
	android:name
		ADDED from AndroidManifest.xml:13:22
uses-permission#android.permission.CAMERA
ADDED from AndroidManifest.xml:14:5
	android:name
		ADDED from AndroidManifest.xml:14:22
uses-permission#android.permission.WRITE_EXTERNAL_STORAGE
ADDED from AndroidManifest.xml:15:5
MERGED from com.helpshift:android-aar:3.8.0:13:5
MERGED from com.daimajia.slider:library:1.1.5:12:5
	android:name
		ADDED from AndroidManifest.xml:15:22
uses-permission#android.permission.VIBRATE
ADDED from AndroidManifest.xml:16:5
	android:name
		ADDED from AndroidManifest.xml:16:22
uses-permission#android.permission.ACCESS_FINE_LOCATION
ADDED from AndroidManifest.xml:17:5
	android:name
		ADDED from AndroidManifest.xml:17:22
uses-permission#android.permission.ACCESS_COARSE_LOCATION
ADDED from AndroidManifest.xml:18:5
	android:name
		ADDED from AndroidManifest.xml:18:22
uses-permission#android.permission.ACCESS_NETWORK_STATE
ADDED from AndroidManifest.xml:19:5
MERGED from com.helpshift:android-aar:3.8.0:12:5
MERGED from com.simperium.android:simperium:0.6.4:10:5
	android:name
		ADDED from AndroidManifest.xml:19:22
uses-permission#com.android.launcher.permission.INSTALL_SHORTCUT
ADDED from AndroidManifest.xml:20:5
	android:name
		ADDED from AndroidManifest.xml:20:22
uses-permission#com.android.launcher.permission.UNINSTALL_SHORTCUT
ADDED from AndroidManifest.xml:21:5
	android:name
		ADDED from AndroidManifest.xml:21:22
uses-permission#com.google.android.c2dm.permission.RECEIVE
ADDED from AndroidManifest.xml:24:5
	android:name
		ADDED from AndroidManifest.xml:24:22
uses-permission#android.permission.GET_ACCOUNTS
ADDED from AndroidManifest.xml:25:5
	android:name
		ADDED from AndroidManifest.xml:25:22
uses-permission#android.permission.WAKE_LOCK
ADDED from AndroidManifest.xml:26:5
	android:name
		ADDED from AndroidManifest.xml:26:22
uses-permission#android.permission.RECORD_AUDIO
ADDED from AndroidManifest.xml:30:5
	android:name
		ADDED from AndroidManifest.xml:30:22
uses-permission#android.permission.READ_PHONE_STATE
ADDED from AndroidManifest.xml:31:5
	android:name
		ADDED from AndroidManifest.xml:31:22
uses-feature#android.hardware.camera
ADDED from AndroidManifest.xml:33:5
	android:required
		ADDED from AndroidManifest.xml:35:9
	android:name
		ADDED from AndroidManifest.xml:34:9
uses-feature#android.hardware.location
ADDED from AndroidManifest.xml:36:5
	android:required
		ADDED from AndroidManifest.xml:38:9
	android:name
		ADDED from AndroidManifest.xml:37:9
uses-feature#android.hardware.location.gps
ADDED from AndroidManifest.xml:39:5
	android:required
		ADDED from AndroidManifest.xml:41:9
	android:name
		ADDED from AndroidManifest.xml:40:9
uses-feature#android.hardware.location.network
ADDED from AndroidManifest.xml:42:5
	android:required
		ADDED from AndroidManifest.xml:44:9
	android:name
		ADDED from AndroidManifest.xml:43:9
uses-feature#android.hardware.touchscreen
ADDED from AndroidManifest.xml:45:5
	android:required
		ADDED from AndroidManifest.xml:47:9
	android:name
		ADDED from AndroidManifest.xml:46:9
application
ADDED from AndroidManifest.xml:49:5
MERGED from AndroidManifest.xml:49:5
MERGED from com.crashlytics.sdk.android:crashlytics:2.2.2:11:5
MERGED from com.crashlytics.sdk.android:answers:1.1.2:9:5
MERGED from io.fabric.sdk.android:fabric:1.2.0:9:5
MERGED from io.fabric.sdk.android:fabric:1.2.0:9:5
MERGED from com.crashlytics.sdk.android:beta:1.1.2:9:5
MERGED from io.fabric.sdk.android:fabric:1.2.0:9:5
MERGED from org.wordpress:mediapicker:1.2.3:11:5
MERGED from com.android.support:support-v13:21.0.3:16:5
MERGED from com.android.support:support-v4:22.2.1:22:5
MERGED from com.android.support:appcompat-v7:21.0.3:16:5
MERGED from com.android.support:support-v4:22.2.1:22:5
MERGED from com.android.support:cardview-v7:21.0.3:16:5
MERGED from com.android.support:recyclerview-v7:21.0.3:17:5
MERGED from com.android.support:support-v4:22.2.1:22:5
MERGED from com.github.chrisbanes.photoview:library:1.2.3:4:5
MERGED from com.android.support:support-v4:22.2.1:22:5
MERGED from com.helpshift:android-aar:3.8.0:15:5
MERGED from com.getbase:floatingactionbutton:1.9.0:12:5
MERGED from com.android.support:support-v4:22.2.1:22:5
MERGED from org.wordpress:slidinguppanel:1.0.0:11:5
MERGED from com.android.support:support-v4:22.2.1:22:5
MERGED from org.wordpress:emailchecker:0.3:11:5
MERGED from com.simperium.android:simperium:0.6.4:13:5
MERGED from com.android.support:appcompat-v7:21.0.3:16:5
MERGED from com.android.support:support-v4:22.2.1:22:5
MERGED from com.android.support:support-v4:22.2.1:22:5
MERGED from com.github.traex.expandablelayout:library:1.3:11:5
MERGED from com.github.gabrielemariotti.cards:cardslib-cards:2.0.1:28:5
MERGED from com.github.gabrielemariotti.cards:cardslib-core:2.0.1:28:5
MERGED from com.android.support:cardview-v7:21.0.3:16:5
MERGED from com.android.support:support-v4:22.2.1:22:5
MERGED from com.github.traex.rippleeffect:library:1.3:12:5
MERGED from com.android.support:support-v13:21.0.3:16:5
MERGED from com.android.support:support-v4:22.2.1:22:5
MERGED from com.mixpanel.android:mixpanel-android:4.3.0:44:5
MERGED from org.wordpress:WordPressEditor:1.0:release:11:5
MERGED from com.android.support:appcompat-v7:21.0.3:16:5
MERGED from com.android.support:support-v4:22.2.1:22:5
MERGED from com.android.support:support-v4:22.2.1:22:5
	android:label
		ADDED from AndroidManifest.xml:54:9
		ADDED from AndroidManifest.xml:54:9
	android:hardwareAccelerated
		ADDED from AndroidManifest.xml:52:9
		ADDED from AndroidManifest.xml:52:9
	tools:ignore
		ADDED from com.mixpanel.android:mixpanel-android:4.3.0:44:18
	android:allowBackup
		ADDED from AndroidManifest.xml:51:9
		ADDED from AndroidManifest.xml:51:9
		REJECTED from org.wordpress:mediapicker:1.2.3:12:9
		REJECTED from com.github.chrisbanes.photoview:library:1.2.3:4:18
		REJECTED from org.wordpress:emailchecker:0.3:11:18
	android:icon
		ADDED from AndroidManifest.xml:53:9
		ADDED from AndroidManifest.xml:53:9
		REJECTED from org.wordpress:mediapicker:1.2.3:13:9
	android:largeHeap
		ADDED from AndroidManifest.xml:56:9
		ADDED from AndroidManifest.xml:56:9
	android:theme
		ADDED from AndroidManifest.xml:55:9
		ADDED from AndroidManifest.xml:55:9
	tools:replace
		ADDED from AndroidManifest.xml:57:9
		ADDED from AndroidManifest.xml:57:9
	android:name
		ADDED from AndroidManifest.xml:50:9
		ADDED from AndroidManifest.xml:50:9
activity#org.codeforafrica.citizenreporter.starreports.ui.WPLaunchActivity
ADDED from AndroidManifest.xml:59:9
	android:noHistory
		ADDED from AndroidManifest.xml:61:13
	android:theme
		ADDED from AndroidManifest.xml:62:13
	android:name
		ADDED from AndroidManifest.xml:60:13
intent-filter#android.intent.action.MAIN+android.intent.category.LAUNCHER
ADDED from AndroidManifest.xml:63:13
action#android.intent.action.MAIN
ADDED from AndroidManifest.xml:64:17
	android:name
		ADDED from AndroidManifest.xml:64:25
category#android.intent.category.LAUNCHER
ADDED from AndroidManifest.xml:65:17
	android:name
		ADDED from AndroidManifest.xml:65:27
activity#org.codeforafrica.citizenreporter.starreports.ui.accounts.RegisterActivity
ADDED from AndroidManifest.xml:72:9
	android:windowSoftInputMode
		ADDED from AndroidManifest.xml:75:9
	android:configChanges
		ADDED from AndroidManifest.xml:74:9
	android:theme
		ADDED from AndroidManifest.xml:76:9
	android:name
		ADDED from AndroidManifest.xml:73:9
activity#org.codeforafrica.citizenreporter.starreports.ui.accounts.EditProfileActivity
ADDED from AndroidManifest.xml:77:9
	android:windowSoftInputMode
		ADDED from AndroidManifest.xml:80:9
	android:configChanges
		ADDED from AndroidManifest.xml:79:9
	android:theme
		ADDED from AndroidManifest.xml:81:9
	android:name
		ADDED from AndroidManifest.xml:78:9
activity#org.codeforafrica.citizenreporter.starreports.ui.accounts.SignInActivity
ADDED from AndroidManifest.xml:82:9
	android:windowSoftInputMode
		ADDED from AndroidManifest.xml:85:13
	android:configChanges
		ADDED from AndroidManifest.xml:84:13
	android:theme
		ADDED from AndroidManifest.xml:86:13
	android:name
		ADDED from AndroidManifest.xml:83:13
activity#org.codeforafrica.citizenreporter.starreports.ui.accounts.NewAccountActivity
ADDED from AndroidManifest.xml:87:9
	android:windowSoftInputMode
		ADDED from AndroidManifest.xml:90:13
	android:configChanges
		ADDED from AndroidManifest.xml:88:13
	android:theme
		ADDED from AndroidManifest.xml:89:13
	android:name
		ADDED from AndroidManifest.xml:87:19
activity#org.codeforafrica.citizenreporter.starreports.ui.accounts.NewBlogActivity
ADDED from AndroidManifest.xml:91:9
	android:windowSoftInputMode
		ADDED from AndroidManifest.xml:94:13
	android:configChanges
		ADDED from AndroidManifest.xml:93:13
	android:theme
		ADDED from AndroidManifest.xml:95:13
	android:name
		ADDED from AndroidManifest.xml:92:13
activity#org.codeforafrica.citizenreporter.starreports.ui.accounts.HelpActivity
ADDED from AndroidManifest.xml:96:9
	android:label
		ADDED from AndroidManifest.xml:99:13
	android:theme
		ADDED from AndroidManifest.xml:98:13
	android:name
		ADDED from AndroidManifest.xml:97:13
activity#org.codeforafrica.citizenreporter.starreports.ui.prefs.AboutActivity
ADDED from AndroidManifest.xml:102:9
	android:theme
		ADDED from AndroidManifest.xml:104:13
	android:name
		ADDED from AndroidManifest.xml:103:13
activity#org.codeforafrica.citizenreporter.starreports.ui.prefs.BlogPreferencesActivity
ADDED from AndroidManifest.xml:105:9
	android:windowSoftInputMode
		ADDED from AndroidManifest.xml:108:13
	android:theme
		ADDED from AndroidManifest.xml:107:13
	android:name
		ADDED from AndroidManifest.xml:106:13
activity#org.codeforafrica.citizenreporter.starreports.ui.prefs.LicensesActivity
ADDED from AndroidManifest.xml:109:9
	android:theme
		ADDED from AndroidManifest.xml:111:13
	android:name
		ADDED from AndroidManifest.xml:110:13
activity#org.codeforafrica.citizenreporter.starreports.ui.prefs.SettingsActivity
ADDED from AndroidManifest.xml:112:9
	android:configChanges
		ADDED from AndroidManifest.xml:114:13
	android:theme
		ADDED from AndroidManifest.xml:115:13
	android:name
		ADDED from AndroidManifest.xml:113:13
activity#org.codeforafrica.citizenreporter.starreports.networking.SSLCertsViewActivity
ADDED from AndroidManifest.xml:116:9
	android:theme
		ADDED from AndroidManifest.xml:118:13
	android:name
		ADDED from AndroidManifest.xml:117:13
activity#org.codeforafrica.citizenreporter.starreports.ui.comments.CommentsActivity
ADDED from AndroidManifest.xml:121:9
	android:theme
		ADDED from AndroidManifest.xml:123:13
	android:name
		ADDED from AndroidManifest.xml:122:13
activity#org.codeforafrica.citizenreporter.starreports.ui.comments.CommentDetailActivity
ADDED from AndroidManifest.xml:124:9
	android:windowSoftInputMode
		ADDED from AndroidManifest.xml:127:13
	android:theme
		ADDED from AndroidManifest.xml:126:13
	android:name
		ADDED from AndroidManifest.xml:125:13
activity#org.codeforafrica.citizenreporter.starreports.ui.comments.EditCommentActivity
ADDED from AndroidManifest.xml:128:9
	android:theme
		ADDED from AndroidManifest.xml:130:13
	android:name
		ADDED from AndroidManifest.xml:129:13
activity#org.codeforafrica.citizenreporter.starreports.ui.posts.AddCategoryActivity
ADDED from AndroidManifest.xml:133:9
	android:label
		ADDED from AndroidManifest.xml:135:13
	android:theme
		ADDED from AndroidManifest.xml:136:13
	android:name
		ADDED from AndroidManifest.xml:134:13
activity#org.wordpress.android.editor.legacy.EditLinkActivity
ADDED from AndroidManifest.xml:137:9
MERGED from org.wordpress:WordPressEditor:1.0:release:12:9
	android:label
		ADDED from AndroidManifest.xml:139:13
	android:windowSoftInputMode
		ADDED from AndroidManifest.xml:141:13
	android:theme
		ADDED from AndroidManifest.xml:140:13
	android:name
		ADDED from AndroidManifest.xml:138:13
activity#org.codeforafrica.citizenreporter.starreports.ui.posts.EditPostActivity
ADDED from AndroidManifest.xml:142:9
	android:windowSoftInputMode
		ADDED from AndroidManifest.xml:145:13
	android:configChanges
		ADDED from AndroidManifest.xml:144:13
	android:theme
		ADDED from AndroidManifest.xml:146:13
	android:name
		ADDED from AndroidManifest.xml:143:13
meta-data#android.support.PARENT_ACTIVITY
ADDED from AndroidManifest.xml:147:13
	android:value
		ADDED from AndroidManifest.xml:149:17
	android:name
		ADDED from AndroidManifest.xml:148:17
intent-filter#android.intent.action.MAIN
ADDED from AndroidManifest.xml:150:13
activity#org.codeforafrica.citizenreporter.starreports.ui.storyboard.StoryBoardActivity
ADDED from AndroidManifest.xml:154:9
	android:windowSoftInputMode
		ADDED from AndroidManifest.xml:157:13
	android:configChanges
		ADDED from AndroidManifest.xml:156:13
	android:theme
		ADDED from AndroidManifest.xml:158:13
	android:name
		ADDED from AndroidManifest.xml:155:13
activity#org.codeforafrica.citizenreporter.starreports.ui.posts.PostsActivity
ADDED from AndroidManifest.xml:163:9
	android:theme
		ADDED from AndroidManifest.xml:165:13
	android:name
		ADDED from AndroidManifest.xml:164:13
activity#org.codeforafrica.citizenreporter.starreports.ui.posts.StoryBoard
ADDED from AndroidManifest.xml:170:9
	android:configChanges
		ADDED from AndroidManifest.xml:171:13
	android:theme
		ADDED from AndroidManifest.xml:173:13
	android:name
		ADDED from AndroidManifest.xml:172:13
activity#org.codeforafrica.citizenreporter.starreports.ui.posts.LessonsActivity
ADDED from AndroidManifest.xml:175:9
	android:theme
		ADDED from AndroidManifest.xml:177:13
	android:name
		ADDED from AndroidManifest.xml:176:13
activity#org.codeforafrica.citizenreporter.starreports.chat.ChatActivity
ADDED from AndroidManifest.xml:179:9
	android:theme
		ADDED from AndroidManifest.xml:181:13
	android:name
		ADDED from AndroidManifest.xml:180:13
activity#org.codeforafrica.citizenreporter.starreports.wallet.PaymentsListActivity
ADDED from AndroidManifest.xml:183:9
	android:theme
		ADDED from AndroidManifest.xml:185:13
	android:name
		ADDED from AndroidManifest.xml:184:13
activity#org.codeforafrica.citizenreporter.starreports.wallet.Stats
ADDED from AndroidManifest.xml:187:9
	android:theme
		ADDED from AndroidManifest.xml:189:13
	android:name
		ADDED from AndroidManifest.xml:188:13
activity#org.codeforafrica.citizenreporter.starreports.overlaycamera.OverlayCameraActivity
ADDED from AndroidManifest.xml:191:9
	android:screenOrientation
		ADDED from AndroidManifest.xml:194:13
	android:theme
		ADDED from AndroidManifest.xml:193:13
	android:name
		ADDED from AndroidManifest.xml:192:13
activity#org.codeforafrica.citizenreporter.starreports.ui.main.RipotiMainActivity
ADDED from AndroidManifest.xml:197:9
	android:theme
		ADDED from AndroidManifest.xml:199:13
	android:name
		ADDED from AndroidManifest.xml:198:13
activity#org.codeforafrica.citizenreporter.starreports.main.UserMenuActivity
ADDED from AndroidManifest.xml:200:9
	android:theme
		ADDED from AndroidManifest.xml:202:13
	android:name
		ADDED from AndroidManifest.xml:201:13
activity#org.codeforafrica.citizenreporter.starreports.ui.posts.PagesActivity
ADDED from AndroidManifest.xml:203:9
	android:theme
		ADDED from AndroidManifest.xml:205:13
	android:name
		ADDED from AndroidManifest.xml:204:13
activity#org.codeforafrica.citizenreporter.starreports.ui.posts.SelectCategoriesActivity
ADDED from AndroidManifest.xml:206:9
	android:theme
		ADDED from AndroidManifest.xml:208:13
	android:name
		ADDED from AndroidManifest.xml:207:13
activity#org.codeforafrica.citizenreporter.starreports.ui.stats.StatsActivity
ADDED from AndroidManifest.xml:211:9
	android:theme
		ADDED from AndroidManifest.xml:212:19
	android:name
		ADDED from AndroidManifest.xml:211:19
activity#org.codeforafrica.citizenreporter.starreports.ui.stats.StatsViewAllActivity
ADDED from AndroidManifest.xml:214:9
	android:theme
		ADDED from AndroidManifest.xml:215:19
	android:name
		ADDED from AndroidManifest.xml:214:19
activity#org.codeforafrica.citizenreporter.starreports.ui.stats.StatsSinglePostDetailsActivity
ADDED from AndroidManifest.xml:217:9
	android:theme
		ADDED from AndroidManifest.xml:218:13
	android:name
		ADDED from AndroidManifest.xml:217:19
activity#org.codeforafrica.citizenreporter.starreports.ui.WPWebViewActivity
ADDED from AndroidManifest.xml:220:9
	android:theme
		ADDED from AndroidManifest.xml:221:13
	android:name
		ADDED from AndroidManifest.xml:220:19
activity#org.codeforafrica.citizenreporter.starreports.ui.media.MediaPickerActivity
ADDED from AndroidManifest.xml:224:9
	android:windowSoftInputMode
		ADDED from AndroidManifest.xml:227:13
	android:theme
		ADDED from AndroidManifest.xml:226:13
	android:name
		ADDED from AndroidManifest.xml:225:13
activity#org.codeforafrica.citizenreporter.starreports.ui.media.MediaBrowserActivity
ADDED from AndroidManifest.xml:229:9
	android:theme
		ADDED from AndroidManifest.xml:230:19
	android:name
		ADDED from AndroidManifest.xml:229:19
activity#org.codeforafrica.citizenreporter.starreports.ui.media.MediaGalleryActivity
ADDED from AndroidManifest.xml:233:9
	android:name
		ADDED from AndroidManifest.xml:233:19
activity#org.codeforafrica.citizenreporter.starreports.ui.media.MediaGalleryPickerActivity
ADDED from AndroidManifest.xml:236:9
	android:name
		ADDED from AndroidManifest.xml:236:19
activity#org.codeforafrica.citizenreporter.starreports.ui.themes.ThemeBrowserActivity
ADDED from AndroidManifest.xml:240:9
	android:theme
		ADDED from AndroidManifest.xml:242:13
	android:name
		ADDED from AndroidManifest.xml:241:13
activity#org.codeforafrica.citizenreporter.starreports.ui.DeepLinkingIntentReceiverActivity
ADDED from AndroidManifest.xml:246:9
	android:theme
		ADDED from AndroidManifest.xml:248:13
	android:name
		ADDED from AndroidManifest.xml:247:13
intent-filter#android.intent.action.VIEW+android.intent.category.BROWSABLE+android.intent.category.DEFAULT
ADDED from AndroidManifest.xml:249:13
action#android.intent.action.VIEW
ADDED from AndroidManifest.xml:250:17
	android:name
		ADDED from AndroidManifest.xml:250:25
category#android.intent.category.DEFAULT
ADDED from AndroidManifest.xml:251:17
	android:name
		ADDED from AndroidManifest.xml:251:27
category#android.intent.category.BROWSABLE
ADDED from AndroidManifest.xml:252:17
	android:name
		ADDED from AndroidManifest.xml:252:27
data
ADDED from AndroidManifest.xml:253:17
	android:host
		ADDED from AndroidManifest.xml:254:21
	android:scheme
		ADDED from AndroidManifest.xml:255:21
activity#org.codeforafrica.citizenreporter.starreports.ui.reader.ReaderPostListActivity
ADDED from AndroidManifest.xml:261:9
	android:label
		ADDED from AndroidManifest.xml:264:13
	android:theme
		ADDED from AndroidManifest.xml:263:13
	android:name
		ADDED from AndroidManifest.xml:262:13
activity#org.codeforafrica.citizenreporter.starreports.ui.reader.ReaderPostPagerActivity
ADDED from AndroidManifest.xml:265:9
	android:windowSoftInputMode
		ADDED from AndroidManifest.xml:268:13
	android:theme
		ADDED from AndroidManifest.xml:267:13
	android:name
		ADDED from AndroidManifest.xml:266:13
activity#org.codeforafrica.citizenreporter.starreports.ui.reader.ReaderCommentListActivity
ADDED from AndroidManifest.xml:269:9
	android:label
		ADDED from AndroidManifest.xml:272:13
	android:windowSoftInputMode
		ADDED from AndroidManifest.xml:273:13
	android:theme
		ADDED from AndroidManifest.xml:271:13
	android:name
		ADDED from AndroidManifest.xml:270:13
activity#org.codeforafrica.citizenreporter.starreports.ui.AppLogViewerActivity
ADDED from AndroidManifest.xml:274:9
	android:label
		ADDED from AndroidManifest.xml:277:13
	android:theme
		ADDED from AndroidManifest.xml:276:13
	android:name
		ADDED from AndroidManifest.xml:275:13
activity#org.codeforafrica.citizenreporter.starreports.ui.reader.ReaderUserListActivity
ADDED from AndroidManifest.xml:278:9
	android:theme
		ADDED from AndroidManifest.xml:280:13
	android:name
		ADDED from AndroidManifest.xml:279:13
activity#org.codeforafrica.citizenreporter.starreports.ui.reader.ReaderSubsActivity
ADDED from AndroidManifest.xml:281:9
	android:label
		ADDED from AndroidManifest.xml:283:13
	android:windowSoftInputMode
		ADDED from AndroidManifest.xml:285:13
	android:theme
		ADDED from AndroidManifest.xml:284:13
	android:name
		ADDED from AndroidManifest.xml:282:13
activity#org.codeforafrica.citizenreporter.starreports.ui.reader.ReaderReblogActivity
ADDED from AndroidManifest.xml:286:9
	android:label
		ADDED from AndroidManifest.xml:289:13
	android:windowSoftInputMode
		ADDED from AndroidManifest.xml:290:13
	android:theme
		ADDED from AndroidManifest.xml:288:13
	android:name
		ADDED from AndroidManifest.xml:287:13
activity#org.codeforafrica.citizenreporter.starreports.ui.reader.ReaderPhotoViewerActivity
ADDED from AndroidManifest.xml:291:9
	android:theme
		ADDED from AndroidManifest.xml:293:13
	android:name
		ADDED from AndroidManifest.xml:292:13
activity#org.codeforafrica.citizenreporter.starreports.ui.ShareIntentReceiverActivity
ADDED from AndroidManifest.xml:297:9
	android:theme
		ADDED from AndroidManifest.xml:297:66
	android:name
		ADDED from AndroidManifest.xml:297:19
intent-filter#android.intent.action.SEND+android.intent.action.SEND_MULTIPLE+android.intent.category.DEFAULT
ADDED from AndroidManifest.xml:298:13
action#android.intent.action.SEND
ADDED from AndroidManifest.xml:299:17
	android:name
		ADDED from AndroidManifest.xml:299:25
action#android.intent.action.SEND_MULTIPLE
ADDED from AndroidManifest.xml:300:17
	android:name
		ADDED from AndroidManifest.xml:300:25
activity#org.codeforafrica.citizenreporter.starreports.ui.AddQuickPressShortcutActivity
ADDED from AndroidManifest.xml:308:9
	android:label
		ADDED from AndroidManifest.xml:310:13
	android:name
		ADDED from AndroidManifest.xml:309:13
intent-filter#android.intent.action.CREATE_SHORTCUT+android.intent.category.DEFAULT
ADDED from AndroidManifest.xml:311:13
action#android.intent.action.CREATE_SHORTCUT
ADDED from AndroidManifest.xml:312:17
	android:name
		ADDED from AndroidManifest.xml:312:25
activity#org.codeforafrica.citizenreporter.starreports.ui.ViewSiteActivity
ADDED from AndroidManifest.xml:317:9
	android:theme
		ADDED from AndroidManifest.xml:319:13
	android:name
		ADDED from AndroidManifest.xml:318:13
activity#org.codeforafrica.citizenreporter.starreports.ui.main.SitePickerActivity
ADDED from AndroidManifest.xml:321:9
	android:label
		ADDED from AndroidManifest.xml:324:13
	android:theme
		ADDED from AndroidManifest.xml:323:13
	android:name
		ADDED from AndroidManifest.xml:322:13
activity#org.codeforafrica.citizenreporter.starreports.ui.notifications.NotificationsDetailActivity
ADDED from AndroidManifest.xml:327:9
	android:theme
		ADDED from AndroidManifest.xml:329:13
	android:name
		ADDED from AndroidManifest.xml:328:13
activity#org.wordpress.passcodelock.PasscodeUnlockActivity
ADDED from AndroidManifest.xml:332:9
	android:windowSoftInputMode
		ADDED from AndroidManifest.xml:335:13
	android:theme
		ADDED from AndroidManifest.xml:334:13
	android:name
		ADDED from AndroidManifest.xml:333:13
activity#org.wordpress.passcodelock.PasscodePreferencesActivity
ADDED from AndroidManifest.xml:337:9
	android:windowSoftInputMode
		ADDED from AndroidManifest.xml:341:13
	android:configChanges
		ADDED from AndroidManifest.xml:339:13
	android:theme
		ADDED from AndroidManifest.xml:340:13
	android:name
		ADDED from AndroidManifest.xml:338:13
activity#org.wordpress.passcodelock.PasscodeManagePasswordActivity
ADDED from AndroidManifest.xml:343:9
	android:windowSoftInputMode
		ADDED from AndroidManifest.xml:346:13
	android:theme
		ADDED from AndroidManifest.xml:345:13
	android:name
		ADDED from AndroidManifest.xml:344:13
activity#net.micode.soundrecorder.SoundRecorder
ADDED from AndroidManifest.xml:351:5
	android:screenOrientation
		ADDED from AndroidManifest.xml:355:13
	android:launchMode
		ADDED from AndroidManifest.xml:353:13
	android:configChanges
		ADDED from AndroidManifest.xml:352:13
	android:theme
		ADDED from AndroidManifest.xml:356:13
	android:name
		ADDED from AndroidManifest.xml:354:13
intent-filter#android.intent.action.GET_CONTENT+android.intent.category.DEFAULT+android.intent.category.OPENABLE
ADDED from AndroidManifest.xml:357:13
action#android.intent.action.GET_CONTENT
ADDED from AndroidManifest.xml:358:17
	android:name
		ADDED from AndroidManifest.xml:358:25
category#android.intent.category.OPENABLE
ADDED from AndroidManifest.xml:361:17
	android:name
		ADDED from AndroidManifest.xml:361:27
intent-filter#android.intent.category.DEFAULT+android.provider.MediaStore.RECORD_SOUND
ADDED from AndroidManifest.xml:366:13
action#android.provider.MediaStore.RECORD_SOUND
ADDED from AndroidManifest.xml:367:17
	android:name
		ADDED from AndroidManifest.xml:367:25
activity#net.micode.soundrecorder.SoundRecorderPreferenceActivity
ADDED from AndroidManifest.xml:373:9
	android:label
		ADDED from AndroidManifest.xml:374:13
	android:launchMode
		ADDED from AndroidManifest.xml:375:13
	android:theme
		ADDED from AndroidManifest.xml:377:13
	android:name
		ADDED from AndroidManifest.xml:376:13
service#net.micode.soundrecorder.RecorderService
ADDED from AndroidManifest.xml:380:9
	android:exported
		ADDED from AndroidManifest.xml:381:13
	android:name
		ADDED from AndroidManifest.xml:382:13
service#org.codeforafrica.citizenreporter.starreports.ui.posts.PostUploadService
ADDED from AndroidManifest.xml:385:9
	android:label
		ADDED from AndroidManifest.xml:387:13
	android:name
		ADDED from AndroidManifest.xml:386:13
service#org.codeforafrica.citizenreporter.starreports.ui.media.services.MediaUploadService
ADDED from AndroidManifest.xml:390:9
	android:label
		ADDED from AndroidManifest.xml:392:13
	android:name
		ADDED from AndroidManifest.xml:391:13
service#org.codeforafrica.citizenreporter.starreports.ui.media.services.MediaDeleteService
ADDED from AndroidManifest.xml:395:9
	android:label
		ADDED from AndroidManifest.xml:397:13
	android:name
		ADDED from AndroidManifest.xml:396:13
service#org.codeforafrica.citizenreporter.starreports.ui.stats.service.StatsService
ADDED from AndroidManifest.xml:400:9
	android:label
		ADDED from AndroidManifest.xml:401:13
	android:exported
		ADDED from AndroidManifest.xml:402:13
	android:name
		ADDED from AndroidManifest.xml:400:18
service#org.codeforafrica.citizenreporter.starreports.ui.reader.services.ReaderUpdateService
ADDED from AndroidManifest.xml:404:9
	android:label
		ADDED from AndroidManifest.xml:405:13
	android:exported
		ADDED from AndroidManifest.xml:406:13
	android:name
		ADDED from AndroidManifest.xml:404:18
service#org.codeforafrica.citizenreporter.starreports.ui.reader.services.ReaderPostService
ADDED from AndroidManifest.xml:407:9
	android:label
		ADDED from AndroidManifest.xml:408:13
	android:exported
		ADDED from AndroidManifest.xml:409:13
	android:name
		ADDED from AndroidManifest.xml:407:18
service#org.codeforafrica.citizenreporter.starreports.ui.reader.services.ReaderCommentService
ADDED from AndroidManifest.xml:410:9
	android:label
		ADDED from AndroidManifest.xml:411:13
	android:exported
		ADDED from AndroidManifest.xml:412:13
	android:name
		ADDED from AndroidManifest.xml:410:18
service#org.codeforafrica.citizenreporter.starreports.GCMIntentService
ADDED from AndroidManifest.xml:416:9
	android:name
		ADDED from AndroidManifest.xml:416:18
service#org.codeforafrica.citizenreporter.starreports.ui.suggestion.service.SuggestionService
ADDED from AndroidManifest.xml:418:9
	android:label
		ADDED from AndroidManifest.xml:420:13
	android:exported
		ADDED from AndroidManifest.xml:421:13
	android:name
		ADDED from AndroidManifest.xml:419:13
uses-library#com.sec.android.app.multiwindow
ADDED from AndroidManifest.xml:424:9
	android:required
		ADDED from AndroidManifest.xml:424:23
	android:name
		ADDED from AndroidManifest.xml:424:48
meta-data#com.sec.android.support.multiwindow
ADDED from AndroidManifest.xml:425:9
	android:value
		ADDED from AndroidManifest.xml:425:71
	android:name
		ADDED from AndroidManifest.xml:425:20
receiver#com.google.android.gcm.GCMBroadcastReceiver
ADDED from AndroidManifest.xml:427:9
MERGED from AndroidManifest.xml:427:9
	android:permission
		ADDED from AndroidManifest.xml:429:13
	android:name
		ADDED from AndroidManifest.xml:428:13
intent-filter#com.google.android.c2dm.intent.RECEIVE+com.google.android.c2dm.intent.REGISTRATION+org.codeforafrica.citizenreporter.starreports
ADDED from AndroidManifest.xml:430:13
action#com.google.android.c2dm.intent.RECEIVE
ADDED from AndroidManifest.xml:433:17
	android:name
		ADDED from AndroidManifest.xml:433:25
action#com.google.android.c2dm.intent.REGISTRATION
ADDED from AndroidManifest.xml:435:17
	android:name
		ADDED from AndroidManifest.xml:435:25